<?xml version="1.0" encoding="utf-8"?><testsuites><testsuite errors="0" failures="0" hostname="bibigrid-master-jdzmrjtottq9ctr" name="pytest" skipped="0" tests="0" time="1.263" timestamp="2021-09-23T16:09:15.562547" /></testsuites>